-encoding
UTF-8
-outxml
-source
1.6
-target
1.6
-classpath
/home/dev/.m2/repository/antlr/antlr/2.7.6/antlr-2.7.6.jar:/home/dev/.m2/repository/aopalliance/aopalliance/1.0/aopalliance-1.0.jar:/home/dev/.m2/repository/cglib/cglib-nodep/2.2.2/cglib-nodep-2.2.2.jar:/home/dev/.m2/repository/commons-beanutils/commons-beanutils/1.8.3/commons-beanutils-1.8.3.jar:/home/dev/.m2/repository/commons-codec/commons-codec/1.5/commons-codec-1.5.jar:/home/dev/.m2/repository/commons-collections/commons-collections/3.1/commons-collections-3.1.jar:/home/dev/.m2/repository/commons-dbcp/commons-dbcp/1.3/commons-dbcp-1.3.jar:/home/dev/.m2/repository/commons-digester/commons-digester/2.1/commons-digester-2.1.jar:/home/dev/.m2/repository/commons-fileupload/commons-fileupload/1.2.2/commons-fileupload-1.2.2.jar:/home/dev/.m2/repository/commons-io/commons-io/2.0.1/commons-io-2.0.1.jar:/home/dev/.m2/repository/commons-pool/commons-pool/1.5.6/commons-pool-1.5.6.jar:/home/dev/.m2/repository/dom4j/dom4j/1.6.1/dom4j-1.6.1.jar:/home/dev/.m2/repository/javassist/javassist/3.12.0.GA/javassist-3.12.0.GA.jar:/home/dev/.m2/repository/javax/el/el-api/1.0/el-api-1.0.jar:/home/dev/.m2/repository/javax/servlet/servlet-api/2.5/servlet-api-2.5.jar:/home/dev/.m2/repository/javax/servlet/jsp/jsp-api/2.1/jsp-api-2.1.jar:/home/dev/.m2/repository/javax/servlet/jsp/jstl/jstl-api/1.2/jstl-api-1.2.jar:/home/dev/.m2/repository/javax/transaction/jta/1.1/jta-1.1.jar:/home/dev/.m2/repository/javax/validation/validation-api/1.0.0.GA/validation-api-1.0.0.GA.jar:/home/dev/.m2/repository/joda-time/joda-time/1.6/joda-time-1.6.jar:/home/dev/.m2/repository/log4j/log4j/1.2.16/log4j-1.2.16.jar:/home/dev/.m2/repository/mysql/mysql-connector-java/5.1.18/mysql-connector-java-5.1.18.jar:/home/dev/.m2/repository/net/sf/flexjson/flexjson/2.1/flexjson-2.1.jar:/home/dev/.m2/repository/org/apache/commons/commons-lang3/3.1/commons-lang3-3.1.jar:/home/dev/.m2/repository/org/apache/tiles/tiles-api/2.2.2/tiles-api-2.2.2.jar:/home/dev/.m2/repository/org/apache/tiles/tiles-core/2.2.2/tiles-core-2.2.2.jar:/home/dev/.m2/repository/org/apache/tiles/tiles-jsp/2.2.2/tiles-jsp-2.2.2.jar:/home/dev/.m2/repository/org/apache/tiles/tiles-servlet/2.2.2/tiles-servlet-2.2.2.jar:/home/dev/.m2/repository/org/apache/tiles/tiles-template/2.2.2/tiles-template-2.2.2.jar:/home/dev/.m2/repository/org/aspectj/aspectjrt/1.6.12/aspectjrt-1.6.12.jar:/home/dev/.m2/repository/org/aspectj/aspectjweaver/1.6.12/aspectjweaver-1.6.12.jar:/home/dev/.m2/repository/org/glassfish/web/jstl-impl/1.2/jstl-impl-1.2.jar:/home/dev/.m2/repository/org/hibernate/hibernate-commons-annotations/3.2.0.Final/hibernate-commons-annotations-3.2.0.Final.jar:/home/dev/.m2/repository/org/hibernate/hibernate-core/3.6.9.Final/hibernate-core-3.6.9.Final.jar:/home/dev/.m2/repository/org/hibernate/hibernate-entitymanager/3.6.9.Final/hibernate-entitymanager-3.6.9.Final.jar:/home/dev/.m2/repository/org/hibernate/hibernate-validator/4.2.0.Final/hibernate-validator-4.2.0.Final.jar:/home/dev/.m2/repository/org/hibernate/javax/persistence/hibernate-jpa-2.0-api/1.0.1.Final/hibernate-jpa-2.0-api-1.0.1.Final.jar:/home/dev/.m2/repository/org/slf4j/jcl-over-slf4j/1.6.4/jcl-over-slf4j-1.6.4.jar:/home/dev/.m2/repository/org/slf4j/slf4j-api/1.6.4/slf4j-api-1.6.4.jar:/home/dev/.m2/repository/org/slf4j/slf4j-log4j12/1.6.4/slf4j-log4j12-1.6.4.jar:/home/dev/.m2/repository/org/springframework/spring-aop/3.1.0.RELEASE/spring-aop-3.1.0.RELEASE.jar:/home/dev/.m2/repository/org/springframework/spring-asm/3.1.0.RELEASE/spring-asm-3.1.0.RELEASE.jar:/home/dev/.m2/repository/org/springframework/spring-aspects/3.1.0.RELEASE/spring-aspects-3.1.0.RELEASE.jar:/home/dev/.m2/repository/org/springframework/spring-beans/3.1.0.RELEASE/spring-beans-3.1.0.RELEASE.jar:/home/dev/.m2/repository/org/springframework/spring-context/3.1.0.RELEASE/spring-context-3.1.0.RELEASE.jar:/home/dev/.m2/repository/org/springframework/spring-context-support/3.1.0.RELEASE/spring-context-support-3.1.0.RELEASE.jar:/home/dev/.m2/repository/org/springframework/spring-core/3.1.0.RELEASE/spring-core-3.1.0.RELEASE.jar:/home/dev/.m2/repository/org/springframework/spring-expression/3.1.0.RELEASE/spring-expression-3.1.0.RELEASE.jar:/home/dev/.m2/repository/org/springframework/spring-jdbc/3.1.0.RELEASE/spring-jdbc-3.1.0.RELEASE.jar:/home/dev/.m2/repository/org/springframework/spring-orm/3.1.0.RELEASE/spring-orm-3.1.0.RELEASE.jar:/home/dev/.m2/repository/org/springframework/spring-tx/3.1.0.RELEASE/spring-tx-3.1.0.RELEASE.jar:/home/dev/.m2/repository/org/springframework/spring-web/3.1.0.RELEASE/spring-web-3.1.0.RELEASE.jar:/home/dev/.m2/repository/org/springframework/spring-webmvc/3.1.0.RELEASE/spring-webmvc-3.1.0.RELEASE.jar:/home/dev/.m2/repository/org/springframework/roo/org.springframework.roo.annotations/1.2.1.RELEASE/org.springframework.roo.annotations-1.2.1.RELEASE.jar:/home/dev/.m2/repository/org/springframework/security/spring-security-acl/3.1.0.RELEASE/spring-security-acl-3.1.0.RELEASE.jar:/home/dev/.m2/repository/org/springframework/security/spring-security-config/3.1.0.RELEASE/spring-security-config-3.1.0.RELEASE.jar:/home/dev/.m2/repository/org/springframework/security/spring-security-core/3.1.0.RELEASE/spring-security-core-3.1.0.RELEASE.jar:/home/dev/.m2/repository/org/springframework/security/spring-security-crypto/3.1.0.RELEASE/spring-security-crypto-3.1.0.RELEASE.jar:/home/dev/.m2/repository/org/springframework/security/spring-security-taglibs/3.1.0.RELEASE/spring-security-taglibs-3.1.0.RELEASE.jar:/home/dev/.m2/repository/org/springframework/security/spring-security-web/3.1.0.RELEASE/spring-security-web-3.1.0.RELEASE.jar:/home/dev/.m2/repository/org/springframework/webflow/spring-js-resources/2.2.1.RELEASE/spring-js-resources-2.2.1.RELEASE.jar:/home/dev/Documents/workspace-sts/tmr/target/classes
-aspectpath
/home/dev/.m2/repository/org/springframework/spring-aspects/3.1.0.RELEASE/spring-aspects-3.1.0.RELEASE.jar
-d
/home/dev/Documents/workspace-sts/tmr/target/classes
/home/dev/Documents/workspace-sts/tmr/src/main/java/com/saic/tmr/domain/PursuitStatus_Roo_Configurable.aj
/home/dev/Documents/workspace-sts/tmr/src/main/java/com/saic/tmr/domain/OpCenter_Roo_Jpa_ActiveRecord.aj
/home/dev/Documents/workspace-sts/tmr/src/main/java/com/saic/tmr/domain/ProcurementType_Roo_JavaBean.aj
/home/dev/Documents/workspace-sts/tmr/src/main/java/com/saic/tmr/domain/Target_Roo_ToString.aj
/home/dev/Documents/workspace-sts/tmr/src/main/java/com/saic/tmr/web/DocumentController_Roo_Controller.aj
/home/dev/Documents/workspace-sts/tmr/src/main/java/com/saic/tmr/web/NewBusinessController.java
/home/dev/Documents/workspace-sts/tmr/src/main/java/com/saic/tmr/domain/Target_Roo_Jpa_ActiveRecord.aj
/home/dev/Documents/workspace-sts/tmr/src/main/java/com/saic/tmr/domain/BusinessUnit_Roo_Configurable.aj
/home/dev/Documents/workspace-sts/tmr/src/main/java/com/saic/tmr/domain/BusinessUnit_Roo_Jpa_ActiveRecord.aj
/home/dev/Documents/workspace-sts/tmr/src/main/java/com/saic/tmr/domain/OpCenter_Roo_Configurable.aj
/home/dev/Documents/workspace-sts/tmr/src/main/java/com/saic/tmr/domain/ProcurementType_Roo_ToString.aj
/home/dev/Documents/workspace-sts/tmr/src/main/java/com/saic/tmr/domain/PursuitRole.java
/home/dev/Documents/workspace-sts/tmr/src/main/java/com/saic/tmr/domain/Person_Roo_JavaBean.aj
/home/dev/Documents/workspace-sts/tmr/src/main/java/com/saic/tmr/domain/ProcurementType.java
/home/dev/Documents/workspace-sts/tmr/src/main/java/com/saic/tmr/domain/Person.java
/home/dev/Documents/workspace-sts/tmr/src/main/java/com/saic/tmr/domain/Document_Roo_Configurable.aj
/home/dev/Documents/workspace-sts/tmr/src/main/java/com/saic/tmr/domain/Target_Roo_Configurable.aj
/home/dev/Documents/workspace-sts/tmr/src/main/java/com/saic/tmr/domain/PursuitRole_Roo_Jpa_ActiveRecord.aj
/home/dev/Documents/workspace-sts/tmr/src/main/java/com/saic/tmr/domain/NewBusiness_Roo_Jpa_ActiveRecord.aj
/home/dev/Documents/workspace-sts/tmr/src/main/java/com/saic/tmr/domain/NewBusiness_Roo_ToString.aj
/home/dev/Documents/workspace-sts/tmr/src/main/java/com/saic/tmr/web/ProcurementTypeController_Roo_Controller.aj
/home/dev/Documents/workspace-sts/tmr/src/main/java/com/saic/tmr/domain/Document_Roo_Jpa_ActiveRecord.aj
/home/dev/Documents/workspace-sts/tmr/src/main/java/com/saic/tmr/domain/Company_Roo_Jpa_Entity.aj
/home/dev/Documents/workspace-sts/tmr/src/main/java/com/saic/tmr/web/ProcurementTypeController.java
/home/dev/Documents/workspace-sts/tmr/src/main/java/com/saic/tmr/domain/Command_Roo_Jpa_ActiveRecord.aj
/home/dev/Documents/workspace-sts/tmr/src/main/java/com/saic/tmr/domain/Person_Roo_Jpa_ActiveRecord.aj
/home/dev/Documents/workspace-sts/tmr/src/main/java/com/saic/tmr/domain/Person_Roo_ToString.aj
/home/dev/Documents/workspace-sts/tmr/src/main/java/com/saic/tmr/domain/ProcurementType_Roo_Configurable.aj
/home/dev/Documents/workspace-sts/tmr/src/main/java/com/saic/tmr/domain/PursuitStatus_Roo_Jpa_ActiveRecord.aj
/home/dev/Documents/workspace-sts/tmr/src/main/java/com/saic/tmr/web/OpCenterController_Roo_Controller.aj
/home/dev/Documents/workspace-sts/tmr/src/main/java/com/saic/tmr/web/CompanyController_Roo_Controller.aj
/home/dev/Documents/workspace-sts/tmr/src/main/java/com/saic/tmr/domain/Target_Roo_Jpa_Entity.aj
/home/dev/Documents/workspace-sts/tmr/src/main/java/com/saic/tmr/domain/PursuitRole_Roo_Jpa_Entity.aj
/home/dev/Documents/workspace-sts/tmr/src/main/java/com/saic/tmr/web/DocumentController.java
/home/dev/Documents/workspace-sts/tmr/src/main/java/com/saic/tmr/web/TargetReportController.java
/home/dev/Documents/workspace-sts/tmr/src/main/java/com/saic/tmr/domain/NewBusiness_Roo_Jpa_Entity.aj
/home/dev/Documents/workspace-sts/tmr/src/main/java/com/saic/tmr/web/CommandController_Roo_Controller.aj
/home/dev/Documents/workspace-sts/tmr/src/main/java/com/saic/tmr/domain/OpCenter.java
/home/dev/Documents/workspace-sts/tmr/src/main/java/com/saic/tmr/domain/Command_Roo_Jpa_Entity.aj
/home/dev/Documents/workspace-sts/tmr/src/main/java/com/saic/tmr/domain/Document.java
/home/dev/Documents/workspace-sts/tmr/src/main/java/com/saic/tmr/domain/BusinessUnit_Roo_ToString.aj
/home/dev/Documents/workspace-sts/tmr/src/main/java/com/saic/tmr/domain/Target.java
/home/dev/Documents/workspace-sts/tmr/src/main/java/com/saic/tmr/domain/PursuitRole_Roo_JavaBean.aj
/home/dev/Documents/workspace-sts/tmr/src/main/java/com/saic/tmr/web/BusinessUnitController.java
/home/dev/Documents/workspace-sts/tmr/src/main/java/com/saic/tmr/domain/Command.java
/home/dev/Documents/workspace-sts/tmr/src/main/java/com/saic/tmr/domain/Company_Roo_JavaBean.aj
/home/dev/Documents/workspace-sts/tmr/src/main/java/com/saic/tmr/domain/Target_Roo_JavaBean.aj
/home/dev/Documents/workspace-sts/tmr/src/main/java/com/saic/tmr/domain/BusinessUnit_Roo_JavaBean.aj
/home/dev/Documents/workspace-sts/tmr/src/main/java/com/saic/tmr/web/BusinessUnitController_Roo_Controller.aj
/home/dev/Documents/workspace-sts/tmr/src/main/java/com/saic/tmr/domain/PursuitStatus_Roo_ToString.aj
/home/dev/Documents/workspace-sts/tmr/src/main/java/com/saic/tmr/domain/ProcurementType_Roo_Jpa_ActiveRecord.aj
/home/dev/Documents/workspace-sts/tmr/src/main/java/com/saic/tmr/domain/Target_Roo_Finder.aj
/home/dev/Documents/workspace-sts/tmr/src/main/java/com/saic/tmr/domain/Command_Roo_JavaBean.aj
/home/dev/Documents/workspace-sts/tmr/src/main/java/com/saic/tmr/web/CompanyController.java
/home/dev/Documents/workspace-sts/tmr/src/main/java/com/saic/tmr/web/ApplicationConversionServiceFactoryBean.java
/home/dev/Documents/workspace-sts/tmr/src/main/java/com/saic/tmr/domain/Company_Roo_ToString.aj
/home/dev/Documents/workspace-sts/tmr/src/main/java/com/saic/tmr/domain/Document_Roo_Jpa_Entity.aj
/home/dev/Documents/workspace-sts/tmr/src/main/java/com/saic/tmr/domain/PursuitRole_Roo_ToString.aj
/home/dev/Documents/workspace-sts/tmr/src/main/java/com/saic/tmr/domain/ProcurementType_Roo_Jpa_Entity.aj
/home/dev/Documents/workspace-sts/tmr/src/main/java/com/saic/tmr/domain/NewBusiness_Roo_Configurable.aj
/home/dev/Documents/workspace-sts/tmr/src/main/java/com/saic/tmr/web/PursuitStatusController.java
/home/dev/Documents/workspace-sts/tmr/src/main/java/com/saic/tmr/domain/Command_Roo_ToString.aj
/home/dev/Documents/workspace-sts/tmr/src/main/java/com/saic/tmr/domain/OpCenter_Roo_Jpa_Entity.aj
/home/dev/Documents/workspace-sts/tmr/src/main/java/com/saic/tmr/domain/OpCenter_Roo_ToString.aj
/home/dev/Documents/workspace-sts/tmr/src/main/java/com/saic/tmr/domain/Company_Roo_Configurable.aj
/home/dev/Documents/workspace-sts/tmr/src/main/java/com/saic/tmr/domain/Company.java
/home/dev/Documents/workspace-sts/tmr/src/main/java/com/saic/tmr/domain/Person_Roo_Configurable.aj
/home/dev/Documents/workspace-sts/tmr/src/main/java/com/saic/tmr/web/PursuitStatusController_Roo_Controller.aj
/home/dev/Documents/workspace-sts/tmr/src/main/java/com/saic/tmr/domain/Document_Roo_JavaBean.aj
/home/dev/Documents/workspace-sts/tmr/src/main/java/com/saic/tmr/domain/BusinessUnit_Roo_Jpa_Entity.aj
/home/dev/Documents/workspace-sts/tmr/src/main/java/com/saic/tmr/web/TargetController.java
/home/dev/Documents/workspace-sts/tmr/src/main/java/com/saic/tmr/domain/BusinessUnit.java
/home/dev/Documents/workspace-sts/tmr/src/main/java/com/saic/tmr/domain/NewBusiness.java
/home/dev/Documents/workspace-sts/tmr/src/main/java/com/saic/tmr/domain/NewBusiness_Roo_JavaBean.aj
/home/dev/Documents/workspace-sts/tmr/src/main/java/com/saic/tmr/web/PursuitRoleController.java
/home/dev/Documents/workspace-sts/tmr/src/main/java/com/saic/tmr/domain/PursuitStatus_Roo_JavaBean.aj
/home/dev/Documents/workspace-sts/tmr/src/main/java/com/saic/tmr/web/NewBusinessController_Roo_Controller.aj
/home/dev/Documents/workspace-sts/tmr/src/main/java/com/saic/tmr/domain/PursuitStatus_Roo_Jpa_Entity.aj
/home/dev/Documents/workspace-sts/tmr/src/main/java/com/saic/tmr/domain/Company_Roo_Jpa_ActiveRecord.aj
/home/dev/Documents/workspace-sts/tmr/src/main/java/com/saic/tmr/domain/Document_Roo_ToString.aj
/home/dev/Documents/workspace-sts/tmr/src/main/java/com/saic/tmr/domain/PursuitRole_Roo_Configurable.aj
/home/dev/Documents/workspace-sts/tmr/src/main/java/com/saic/tmr/web/CommandController.java
/home/dev/Documents/workspace-sts/tmr/src/main/java/com/saic/tmr/web/TargetController_Roo_Controller.aj
/home/dev/Documents/workspace-sts/tmr/src/main/java/com/saic/tmr/web/PersonController_Roo_Controller.aj
/home/dev/Documents/workspace-sts/tmr/src/main/java/com/saic/tmr/web/OpCenterController.java
/home/dev/Documents/workspace-sts/tmr/src/main/java/com/saic/tmr/web/ApplicationConversionServiceFactoryBean_Roo_ConversionService.aj
/home/dev/Documents/workspace-sts/tmr/src/main/java/com/saic/tmr/web/PersonController.java
/home/dev/Documents/workspace-sts/tmr/src/main/java/com/saic/tmr/web/PursuitRoleController_Roo_Controller.aj
/home/dev/Documents/workspace-sts/tmr/src/main/java/com/saic/tmr/domain/Person_Roo_Jpa_Entity.aj
/home/dev/Documents/workspace-sts/tmr/src/main/java/com/saic/tmr/domain/Command_Roo_Configurable.aj
/home/dev/Documents/workspace-sts/tmr/src/main/java/com/saic/tmr/domain/PursuitStatus.java
/home/dev/Documents/workspace-sts/tmr/src/main/java/com/saic/tmr/domain/OpCenter_Roo_JavaBean.aj
